<?xml version="1.0" encoding="UTF-8"?>
<testsuite xmlns:xsi="http://www.w3.org/2001/XMLSchema-instance" xsi:noNamespaceSchemaLocation="https://maven.apache.org/surefire/maven-surefire-plugin/xsd/surefire-test-report.xsd" version="3.0.2" name="br.com.bgrbarbosa.cad_livros_api.api.AutorControllerTest" time="26.43" tests="9" errors="0" skipped="0" failures="0">
  <properties>
[...]
</properties>
  <testcase name="insertWithSucess" classname="br.com.bgrbarbosa.cad_livros_api.api.AutorControllerTest" time="1.518">
    <system-out><![CDATA[09:15:30.999 [main] INFO org.springframework.test.context.support.AnnotationConfigContextLoaderUtils -- Could not detect default configuration classes for test class [br.com.bgrbarbosa.cad_livros_api.api.AutorControllerTest]: AutorControllerTest does not declare any static, non-private, non-final, nested classes annotated with @Configuration.
09:15:31.370 [main] INFO org.springframework.boot.test.context.SpringBootTestContextBootstrapper -- Found @SpringBootConfiguration br.com.bgrbarbosa.cad_livros_api.CadLivrosApiApplication for test class br.com.bgrbarbosa.cad_livros_api.api.AutorControllerTest
09:15:31.797 [main] INFO org.springframework.boot.devtools.restart.RestartApplicationListener -- Restart disabled due to context in which it is running

  .   ____          _            __ _ _
 /\\ / ___'_ __ _ _(_)_ __  __ _ \ \ \ \
( ( )\___ | '_ | '_| | '_ \/ _` | \ \ \ \
 \\/  ___)| |_)| | | | | || (_| |  ) ) ) )
  '  |____| .__|_| |_|_| |_\__, | / / / /
 =========|_|==============|___/=/_/_/_/

&amp#27;[32m :: Spring Boot :: &amp#27;[39m              &amp#27;[2m (v3.4.2)&amp#27;[0;39m

&amp#27;[2m30-01-2026 09:15:32&amp#27;[0;39m &amp#27;[32m INFO&amp#27;[0;39m &amp#27;[2m[main]&amp#27;[0;39m &amp#27;[36ma.cad_livros_api.api.AutorControllerTest&amp#27;[0;39m &amp#27;[33m:&amp#27;[0;39m Starting AutorControllerTest using Java 21.0.9 with PID 9752 (started by BRUNO in C:\workspace-aplicacao\cad-livros-api)
&amp#27;[2m30-01-2026 09:15:32&amp#27;[0;39m &amp#27;[32m INFO&amp#27;[0;39m &amp#27;[2m[main]&amp#27;[0;39m &amp#27;[36ma.cad_livros_api.api.AutorControllerTest&amp#27;[0;39m &amp#27;[33m:&amp#27;[0;39m The following 1 profile is active: "test"
&amp#27;[2m30-01-2026 09:15:34&amp#27;[0;39m &amp#27;[32m INFO&amp#27;[0;39m &amp#27;[2m[main]&amp#27;[0;39m &amp#27;[36my.config.RepositoryConfigurationDelegate&amp#27;[0;39m &amp#27;[33m:&amp#27;[0;39m Bootstrapping Spring Data JPA repositories in DEFAULT mode.
&amp#27;[2m30-01-2026 09:15:34&amp#27;[0;39m &amp#27;[32m INFO&amp#27;[0;39m &amp#27;[2m[main]&amp#27;[0;39m &amp#27;[36my.config.RepositoryConfigurationDelegate&amp#27;[0;39m &amp#27;[33m:&amp#27;[0;39m Finished Spring Data repository scanning in 123 ms. Found 6 JPA repository interfaces.
&amp#27;[2m30-01-2026 09:15:35&amp#27;[0;39m &amp#27;[32m INFO&amp#27;[0;39m &amp#27;[2m[main]&amp#27;[0;39m &amp#27;[36mrg.hibernate.jpa.internal.util.LogHelper&amp#27;[0;39m &amp#27;[33m:&amp#27;[0;39m HHH000204: Processing PersistenceUnitInfo [name: default]
&amp#27;[2m30-01-2026 09:15:35&amp#27;[0;39m &amp#27;[32m INFO&amp#27;[0;39m &amp#27;[2m[main]&amp#27;[0;39m &amp#27;[36morg.hibernate.Version                   &amp#27;[0;39m &amp#27;[33m:&amp#27;[0;39m HHH000412: Hibernate ORM core version 6.6.5.Final
&amp#27;[2m30-01-2026 09:15:35&amp#27;[0;39m &amp#27;[32m INFO&amp#27;[0;39m &amp#27;[2m[main]&amp#27;[0;39m &amp#27;[36mte.cache.internal.RegionFactoryInitiator&amp#27;[0;39m &amp#27;[33m:&amp#27;[0;39m HHH000026: Second-level cache disabled
&amp#27;[2m30-01-2026 09:15:36&amp#27;[0;39m &amp#27;[32m INFO&amp#27;[0;39m &amp#27;[2m[main]&amp#27;[0;39m &amp#27;[36mersistenceunit.SpringPersistenceUnitInfo&amp#27;[0;39m &amp#27;[33m:&amp#27;[0;39m No LoadTimeWeaver setup: ignoring JPA class transformer
&amp#27;[2m30-01-2026 09:15:36&amp#27;[0;39m &amp#27;[32m INFO&amp#27;[0;39m &amp#27;[2m[main]&amp#27;[0;39m &amp#27;[36mcom.zaxxer.hikari.HikariDataSource      &amp#27;[0;39m &amp#27;[33m:&amp#27;[0;39m HikariPool-1 - Starting...
&amp#27;[2m30-01-2026 09:15:36&amp#27;[0;39m &amp#27;[32m INFO&amp#27;[0;39m &amp#27;[2m[main]&amp#27;[0;39m &amp#27;[36mcom.zaxxer.hikari.pool.HikariPool       &amp#27;[0;39m &amp#27;[33m:&amp#27;[0;39m HikariPool-1 - Added connection conn0: url=jdbc:h2:mem:test user=SA
&amp#27;[2m30-01-2026 09:15:36&amp#27;[0;39m &amp#27;[32m INFO&amp#27;[0;39m &amp#27;[2m[main]&amp#27;[0;39m &amp#27;[36mcom.zaxxer.hikari.HikariDataSource      &amp#27;[0;39m &amp#27;[33m:&amp#27;[0;39m HikariPool-1 - Start completed.
&amp#27;[2m30-01-2026 09:15:36&amp#27;[0;39m &amp#27;[33m WARN&amp#27;[0;39m &amp#27;[2m[main]&amp#27;[0;39m &amp#27;[36morg.hibernate.orm.deprecation           &amp#27;[0;39m &amp#27;[33m:&amp#27;[0;39m HHH90000025: H2Dialect does not need to be specified explicitly using 'hibernate.dialect' (remove the property setting and it will be selected by default)
&amp#27;[2m30-01-2026 09:15:36&amp#27;[0;39m &amp#27;[32m INFO&amp#27;[0;39m &amp#27;[2m[main]&amp#27;[0;39m &amp#27;[36morg.hibernate.orm.connections.pooling   &amp#27;[0;39m &amp#27;[33m:&amp#27;[0;39m HHH10001005: Database info:
	Database JDBC URL [Connecting through datasource 'HikariDataSource (HikariPool-1)']
	Database driver: undefined/unknown
	Database version: 2.3.232
	Autocommit mode: undefined/unknown
	Isolation level: undefined/unknown
	Minimum pool size: undefined/unknown
	Maximum pool size: undefined/unknown
&amp#27;[2m30-01-2026 09:15:38&amp#27;[0;39m &amp#27;[32m INFO&amp#27;[0;39m &amp#27;[2m[main]&amp#27;[0;39m &amp#27;[36ma.platform.internal.JtaPlatformInitiator&amp#27;[0;39m &amp#27;[33m:&amp#27;[0;39m HHH000489: No JTA platform available (set 'hibernate.transaction.jta.platform' to enable JTA platform integration)
Hibernate: 
    create table tb_autor (
        id_autor uuid not null,
        biografia_autor varchar(255),
        dt_nasc_autor date,
        foto_autor varchar(255),
        nacionalidade_autor varchar(255),
        name_autor varchar(255),
        primary key (id_autor)
    )
Hibernate: 
    create table tb_editora (
        id_editora uuid not null,
        cnpj_editora varchar(255),
        razao_social_editora varchar(255),
        tel_editora varchar(255),
        primary key (id_editora)
    )
Hibernate: 
    create table tb_genero (
        id_genero uuid not null,
        desc_genero varchar(255),
        primary key (id_genero)
    )
Hibernate: 
    create table tb_livro (
        id_livro uuid not null,
        ano_publicacao date,
        edicao_livro varchar(255),
        isbn varchar(255),
        preco_livro numeric(38,2),
        titulo_livro varchar(255),
        id_autor uuid,
        id_editora uuid,
        id_genero uuid,
        primary key (id_livro)
    )
Hibernate: 
    create table tb_role (
        uuid uuid not null,
        authority varchar(255),
        primary key (uuid)
    )
Hibernate: 
    create table tb_user (
        uuid uuid not null,
        email varchar(255),
        first_name varchar(255),
        last_name varchar(255),
        password varchar(255),
        primary key (uuid)
    )
Hibernate: 
    create table tb_user_role (
        user_id uuid not null,
        role_id uuid not null,
        primary key (user_id, role_id)
    )
Hibernate: 
    alter table if exists tb_livro 
       add constraint FK5r4xv56tlrt8ro34luwakmtki 
       foreign key (id_autor) 
       references tb_autor
Hibernate: 
    alter table if exists tb_livro 
       add constraint FKj2sxmc3j7fr1r69y0dqnl6dll 
       foreign key (id_editora) 
       references tb_editora
Hibernate: 
    alter table if exists tb_livro 
       add constraint FK8qrm6n4nusslpldgobh272fl0 
       foreign key (id_genero) 
       references tb_genero
Hibernate: 
    alter table if exists tb_user_role 
       add constraint FKea2ootw6b6bb0xt3ptl28bymv 
       foreign key (role_id) 
       references tb_role
Hibernate: 
    alter table if exists tb_user_role 
       add constraint FK7vn3h53d0tqdimm8cp45gc0kl 
       foreign key (user_id) 
       references tb_user
&amp#27;[2m30-01-2026 09:15:38&amp#27;[0;39m &amp#27;[32m INFO&amp#27;[0;39m &amp#27;[2m[main]&amp#27;[0;39m &amp#27;[36ma.LocalContainerEntityManagerFactoryBean&amp#27;[0;39m &amp#27;[33m:&amp#27;[0;39m Initialized JPA EntityManagerFactory for persistence unit 'default'
&amp#27;[2m30-01-2026 09:15:39&amp#27;[0;39m &amp#27;[32m INFO&amp#27;[0;39m &amp#27;[2m[main]&amp#27;[0;39m &amp#27;[36meAuthenticationProviderManagerConfigurer&amp#27;[0;39m &amp#27;[33m:&amp#27;[0;39m Global AuthenticationManager configured with AuthenticationProvider bean with name customAuthenticationProvider
&amp#27;[2m30-01-2026 09:15:39&amp#27;[0;39m &amp#27;[33m WARN&amp#27;[0;39m &amp#27;[2m[main]&amp#27;[0;39m &amp#27;[36mJpaBaseConfiguration$JpaWebConfiguration&amp#27;[0;39m &amp#27;[33m:&amp#27;[0;39m spring.jpa.open-in-view is enabled by default. Therefore, database queries may be performed during view rendering. Explicitly configure spring.jpa.open-in-view to disable this warning
&amp#27;[2m30-01-2026 09:15:40&amp#27;[0;39m &amp#27;[32m INFO&amp#27;[0;39m &amp#27;[2m[main]&amp#27;[0;39m &amp#27;[36moconfigure.h2.H2ConsoleAutoConfiguration&amp#27;[0;39m &amp#27;[33m:&amp#27;[0;39m H2 console available at '/h2-console'. Database available at 'jdbc:h2:mem:test'
&amp#27;[2m30-01-2026 09:15:41&amp#27;[0;39m &amp#27;[32m INFO&amp#27;[0;39m &amp#27;[2m[main]&amp#27;[0;39m &amp#27;[36mst.mock.web.SpringBootMockServletContext&amp#27;[0;39m &amp#27;[33m:&amp#27;[0;39m Initializing Spring TestDispatcherServlet ''
&amp#27;[2m30-01-2026 09:15:41&amp#27;[0;39m &amp#27;[32m INFO&amp#27;[0;39m &amp#27;[2m[main]&amp#27;[0;39m &amp#27;[36mk.test.web.servlet.TestDispatcherServlet&amp#27;[0;39m &amp#27;[33m:&amp#27;[0;39m Initializing Servlet ''
&amp#27;[2m30-01-2026 09:15:41&amp#27;[0;39m &amp#27;[32m INFO&amp#27;[0;39m &amp#27;[2m[main]&amp#27;[0;39m &amp#27;[36mk.test.web.servlet.TestDispatcherServlet&amp#27;[0;39m &amp#27;[33m:&amp#27;[0;39m Completed initialization in 1 ms
&amp#27;[2m30-01-2026 09:15:41&amp#27;[0;39m &amp#27;[32m INFO&amp#27;[0;39m &amp#27;[2m[main]&amp#27;[0;39m &amp#27;[36ma.cad_livros_api.api.AutorControllerTest&amp#27;[0;39m &amp#27;[33m:&amp#27;[0;39m Started AutorControllerTest in 9.348 seconds (process running for 11.845)
Hibernate: 
    insert 
    into
        tb_autor
        (biografia_autor, dt_nasc_autor, foto_autor, nacionalidade_autor, name_autor, id_autor) 
    values
        (?, ?, ?, ?, ?, ?)
]]></system-out>
    <system-err><![CDATA[Mockito is currently self-attaching to enable the inline-mock-maker. This will no longer work in future releases of the JDK. Please add Mockito as an agent to your build what is described in Mockito's documentation: https://javadoc.io/doc/org.mockito/mockito-core/latest/org/mockito/Mockito.html#0.3
WARNING: A Java agent has been loaded dynamically (C:\Users\BRUNO\.m2\repository\net\bytebuddy\byte-buddy-agent\1.15.11\byte-buddy-agent-1.15.11.jar)
WARNING: If a serviceability tool is in use, please run with -XX:+EnableDynamicAgentLoading to hide this warning
WARNING: If a serviceability tool is not in use, please run with -Djdk.instrument.traceUsage for more information
WARNING: Dynamic loading of agents will be disallowed by default in a future release
]]></system-err>
  </testcase>
  <testcase name="testFindAllWithSucess" classname="br.com.bgrbarbosa.cad_livros_api.api.AutorControllerTest" time="13.544">
    <system-out><![CDATA[Hibernate: 
    select
        a1_0.id_autor,
        a1_0.biografia_autor,
        a1_0.dt_nasc_autor,
        a1_0.foto_autor,
        a1_0.nacionalidade_autor,
        a1_0.name_autor 
    from
        tb_autor a1_0
Hibernate: 
    select
        l1_0.id_autor,
        l1_0.id_livro,
        l1_0.ano_publicacao,
        l1_0.edicao_livro,
        el1_0.id_editora,
        el1_0.cnpj_editora,
        el1_0.razao_social_editora,
        el1_0.tel_editora,
        gl1_0.id_genero,
        gl1_0.desc_genero,
        l1_0.isbn,
        l1_0.preco_livro,
        l1_0.titulo_livro 
    from
        tb_livro l1_0 
    left join
        tb_editora el1_0 
            on el1_0.id_editora=l1_0.id_editora 
    left join
        tb_genero gl1_0 
            on gl1_0.id_genero=l1_0.id_genero 
    where
        l1_0.id_autor=?
Hibernate: 
    select
        l1_0.id_autor,
        l1_0.id_livro,
        l1_0.ano_publicacao,
        l1_0.edicao_livro,
        el1_0.id_editora,
        el1_0.cnpj_editora,
        el1_0.razao_social_editora,
        el1_0.tel_editora,
        gl1_0.id_genero,
        gl1_0.desc_genero,
        l1_0.isbn,
        l1_0.preco_livro,
        l1_0.titulo_livro 
    from
        tb_livro l1_0 
    left join
        tb_editora el1_0 
            on el1_0.id_editora=l1_0.id_editora 
    left join
        tb_genero gl1_0 
            on gl1_0.id_genero=l1_0.id_genero 
    where
        l1_0.id_autor=?
&amp#27;[2m30-01-2026 09:15:56&amp#27;[0;39m &amp#27;[33m WARN&amp#27;[0;39m &amp#27;[2m[main]&amp#27;[0;39m &amp#27;[36mration$PageModule$WarningLoggingModifier&amp#27;[0;39m &amp#27;[33m:&amp#27;[0;39m Serializing PageImpl instances as-is is not supported, meaning that there is no guarantee about the stability of the resulting JSON structure!
	For a stable JSON structure, please use Spring Data's PagedModel (globally via @EnableSpringDataWebSupport(pageSerializationMode = VIA_DTO))
	or Spring HATEOAS and Spring Data's PagedResourcesAssembler as documented in https://docs.spring.io/spring-data/commons/reference/repositories/core-extensions.html#core.web.pageables.

]]></system-out>
  </testcase>
  <testcase name="findByIdWithFail" classname="br.com.bgrbarbosa.cad_livros_api.api.AutorControllerTest" time="0.045">
    <system-out><![CDATA[Hibernate: 
    select
        a1_0.id_autor,
        a1_0.biografia_autor,
        a1_0.dt_nasc_autor,
        a1_0.foto_autor,
        a1_0.nacionalidade_autor,
        a1_0.name_autor 
    from
        tb_autor a1_0 
    where
        a1_0.id_autor=?
]]></system-out>
  </testcase>
  <testcase name="findByIdWithSucess" classname="br.com.bgrbarbosa.cad_livros_api.api.AutorControllerTest" time="0.025">
    <system-out><![CDATA[Hibernate: 
    select
        a1_0.id_autor,
        a1_0.biografia_autor,
        a1_0.dt_nasc_autor,
        a1_0.foto_autor,
        a1_0.nacionalidade_autor,
        a1_0.name_autor 
    from
        tb_autor a1_0 
    where
        a1_0.id_autor=?
Hibernate: 
    select
        l1_0.id_autor,
        l1_0.id_livro,
        l1_0.ano_publicacao,
        l1_0.edicao_livro,
        el1_0.id_editora,
        el1_0.cnpj_editora,
        el1_0.razao_social_editora,
        el1_0.tel_editora,
        gl1_0.id_genero,
        gl1_0.desc_genero,
        l1_0.isbn,
        l1_0.preco_livro,
        l1_0.titulo_livro 
    from
        tb_livro l1_0 
    left join
        tb_editora el1_0 
            on el1_0.id_editora=l1_0.id_editora 
    left join
        tb_genero gl1_0 
            on gl1_0.id_genero=l1_0.id_genero 
    where
        l1_0.id_autor=?
]]></system-out>
  </testcase>
  <testcase name="deleteAutorWithNotSucess" classname="br.com.bgrbarbosa.cad_livros_api.api.AutorControllerTest" time="0.693">
    <system-out><![CDATA[Hibernate: 
    select
        count(*) 
    from
        tb_autor a1_0 
    where
        a1_0.id_autor=?
]]></system-out>
  </testcase>
  <testcase name="update" classname="br.com.bgrbarbosa.cad_livros_api.api.AutorControllerTest" time="0.017">
    <system-out><![CDATA[Hibernate: 
    select
        count(*) 
    from
        tb_autor a1_0 
    where
        a1_0.id_autor=?
]]></system-out>
  </testcase>
  <testcase name="deleteAutorWithSucess" classname="br.com.bgrbarbosa.cad_livros_api.api.AutorControllerTest" time="0.023">
    <system-out><![CDATA[Hibernate: 
    select
        count(*) 
    from
        tb_autor a1_0 
    where
        a1_0.id_autor=?
Hibernate: 
    select
        a1_0.id_autor,
        a1_0.biografia_autor,
        a1_0.dt_nasc_autor,
        a1_0.foto_autor,
        a1_0.nacionalidade_autor,
        a1_0.name_autor 
    from
        tb_autor a1_0 
    where
        a1_0.id_autor=?
Hibernate: 
    delete 
    from
        tb_autor 
    where
        id_autor=?
]]></system-out>
  </testcase>
  <testcase name="insertWithNotSucess" classname="br.com.bgrbarbosa.cad_livros_api.api.AutorControllerTest" time="0.058"/>
  <testcase name="updateWithSucess" classname="br.com.bgrbarbosa.cad_livros_api.api.AutorControllerTest" time="0.041">
    <system-out><![CDATA[Hibernate: 
    select
        count(*) 
    from
        tb_autor a1_0 
    where
        a1_0.id_autor=?
Hibernate: 
    select
        a1_0.id_autor,
        a1_0.biografia_autor,
        a1_0.dt_nasc_autor,
        a1_0.foto_autor,
        a1_0.nacionalidade_autor,
        a1_0.name_autor 
    from
        tb_autor a1_0 
    where
        a1_0.id_autor=?
Hibernate: 
    update
        tb_autor 
    set
        biografia_autor=?,
        dt_nasc_autor=?,
        foto_autor=?,
        nacionalidade_autor=?,
        name_autor=? 
    where
        id_autor=?
Hibernate: 
    select
        l1_0.id_autor,
        l1_0.id_livro,
        l1_0.ano_publicacao,
        l1_0.edicao_livro,
        el1_0.id_editora,
        el1_0.cnpj_editora,
        el1_0.razao_social_editora,
        el1_0.tel_editora,
        gl1_0.id_genero,
        gl1_0.desc_genero,
        l1_0.isbn,
        l1_0.preco_livro,
        l1_0.titulo_livro 
    from
        tb_livro l1_0 
    left join
        tb_editora el1_0 
            on el1_0.id_editora=l1_0.id_editora 
    left join
        tb_genero gl1_0 
            on gl1_0.id_genero=l1_0.id_genero 
    where
        l1_0.id_autor=?
]]></system-out>
  </testcase>
</testsuite>